{
  "timestamp": "2025-10-27T13:32:01.468Z",
  "fixes_applied": {
    "orphaned_workflows": [
      {
        "workflow": "step 0",
        "added_start_event": "2025-10-27T12:38:08.684Z"
      },
      {
        "workflow": "step 1",
        "added_start_event": "2025-10-27T12:38:08.685Z"
      },
      {
        "workflow": "step 2",
        "added_start_event": "2025-10-27T12:38:08.685Z"
      }
    ],
    "stalled_workflows": [
      {
        "workflow": "Test_Workflow",
        "added_complete_event": "2025-10-27T13:32:01.465Z"
      }
    ],
    "missing_addenda": [
      {
        "log": "logs/phase_iii_g5_summary.md",
        "created_addendum": "/Users/atrain/Documents/AI_LOCAL/Triad-Documents/governance/addenda/phase_iii_g5_summary_addendum.md"
      },
      {
        "log": "logs/system_state.md",
        "created_addendum": "/Users/atrain/Documents/AI_LOCAL/Triad-Documents/governance/addenda/system_state_addendum.md"
      }
    ],
    "incomplete_phases": [
      "Phase-III-H"
    ]
  },
  "success": true
}