{
  "timestamp": "2025-10-27T13:32:30.231Z",
  "integrity_checks": {
    "workflow_checks": {
      "orphaned_workflows": [
        {
          "name": "step 0",
          "completed_at": "2025-10-27T12:48:08.684Z"
        },
        {
          "name": "step 1",
          "completed_at": "2025-10-27T12:48:08.685Z"
        },
        {
          "name": "step 2",
          "completed_at": "2025-10-27T12:48:08.685Z"
        }
      ],
      "incomplete_workflows": [
        {
          "name": "Test_Workflow",
          "started_at": "2025-10-27T12:48:07.674Z"
        }
      ],
      "status": "FAIL"
    },
    "governance_checks": {
      "incomplete_phases": [],
      "missing_addenda": [],
      "status": "PASS"
    }
  },
  "exceptions": [
    {
      "type": "orphaned_workflow",
      "workflow": "step 0",
      "details": "Workflow completed without a start event: 2025-10-27T12:48:08.684Z"
    },
    {
      "type": "orphaned_workflow",
      "workflow": "step 1",
      "details": "Workflow completed without a start event: 2025-10-27T12:48:08.685Z"
    },
    {
      "type": "orphaned_workflow",
      "workflow": "step 2",
      "details": "Workflow completed without a start event: 2025-10-27T12:48:08.685Z"
    },
    {
      "type": "stalled_workflow",
      "workflow": "Test_Workflow",
      "started_at": "2025-10-27T12:48:07.674Z",
      "runtime_minutes": 44,
      "details": "Workflow has been running for 44 minutes without completing"
    }
  ],
  "integrity_status": "FAIL"
}
